This is e-pTeX, Version 3.14159265-p3.8.1-180226-2.6 (utf8.euc) (TeX Live 2018) (preloaded format=platex 2018.9.17)  18 JUN 2019 09:17
entering extended mode
 restricted \write18 enabled.
 %&-line parsing enabled.
**report.tex
(./report.tex
pLaTeX2e <2018-07-28>+1 (based on LaTeX2e <2018-04-01> patch level 5)
(/usr/local/texlive/2018/texmf-dist/tex/platex/base/jarticle.cls
Document Class: jarticle 2018/07/03 v1.8 Standard pLaTeX class
\c@@paper=\count83
(/usr/local/texlive/2018/texmf-dist/tex/platex/base/jsize10.clo
File: jsize10.clo 2018/07/03 v1.8 Standard pLaTeX file (size option)
)
\c@part=\count84
\c@section=\count85
\c@subsection=\count86
\c@subsubsection=\count87
\c@paragraph=\count88
\c@subparagraph=\count89
\c@figure=\count90
\c@table=\count91
\abovecaptionskip=\skip41
\belowcaptionskip=\skip42
\symmincho=\mathgroup4
LaTeX Font Info:    Overwriting symbol font `mincho' in version `bold'
(Font)                  JY1/mc/m/n --> JY1/gt/m/n on input line 614.
\toclineskip=\dimen118
\@lnumwidth=\dimen119
\bibindent=\dimen120
\heisei=\count92
)
(/usr/local/texlive/2018/texmf-dist/tex/latex/graphics/graphicx.sty
Package: graphicx 2017/06/01 v1.1a Enhanced LaTeX Graphics (DPC,SPQR)

(/usr/local/texlive/2018/texmf-dist/tex/latex/graphics/keyval.sty
Package: keyval 2014/10/28 v1.15 key=value parser (DPC)
\KV@toks@=\toks15
)
(/usr/local/texlive/2018/texmf-dist/tex/latex/graphics/graphics.sty
Package: graphics 2017/06/25 v1.2c Standard LaTeX Graphics (DPC,SPQR)

(/usr/local/texlive/2018/texmf-dist/tex/latex/graphics/trig.sty
Package: trig 2016/01/03 v1.10 sin cos tan (DPC)
)
(/usr/local/texlive/2018/texmf-dist/tex/latex/graphics-cfg/graphics.cfg
File: graphics.cfg 2016/06/04 v1.11 sample graphics configuration
)
Package graphics Info: Driver file: dvipdfmx.def on input line 99.

(/usr/local/texlive/2018/texmf-dist/tex/latex/graphics-def/dvipdfmx.def
File: dvipdfmx.def 2017/06/24 v5.0g Graphics/color driver for dvipdfmx
))
\Gin@req@height=\dimen121
\Gin@req@width=\dimen122
)
(/usr/local/texlive/2018/texmf-dist/tex/latex/here/here.sty)
(/usr/local/texlive/2018/texmf-dist/tex/latex/float/float.sty
Package: float 2001/11/08 v1.3d Float enhancements (AL)
\c@float@type=\count93
\float@exts=\toks16
\float@box=\box42
\@float@everytoks=\toks17
\@floatcapt=\box43
)
(/usr/local/texlive/2018/texmf-dist/tex/latex/listings/listings.sty
\lst@mode=\count94
\lst@gtempboxa=\box44
\lst@token=\toks18
\lst@length=\count95
\lst@currlwidth=\dimen123
\lst@column=\count96
\lst@pos=\count97
\lst@lostspace=\dimen124
\lst@width=\dimen125
\lst@newlines=\count98
\lst@lineno=\count99
\lst@maxwidth=\dimen126

(/usr/local/texlive/2018/texmf-dist/tex/latex/listings/lstmisc.sty
File: lstmisc.sty 2018/09/02 1.7 (Carsten Heinz)
\c@lstnumber=\count100
\lst@skipnumbers=\count101
\lst@framebox=\box45
)
(/usr/local/texlive/2018/texmf-dist/tex/latex/listings/listings.cfg
File: listings.cfg 2018/09/02 1.7 listings configuration
))
Package: listings 2018/09/02 1.7 (Carsten Heinz)

(/usr/local/texlive/2018/texmf-dist/tex/latex/listings/jlisting.sty
Package: jlisting 2006/02/20 0.2 (Thor)
\lst@nextchar=\count102
\lst@inputfile=\read1
)
(./report.aux)
\openout1 = `report.aux'.

LaTeX Font Info:    Checking defaults for OML/cmm/m/it on input line 30.
LaTeX Font Info:    ... okay on input line 30.
LaTeX Font Info:    Checking defaults for T1/cmr/m/n on input line 30.
LaTeX Font Info:    ... okay on input line 30.
LaTeX Font Info:    Checking defaults for OT1/cmr/m/n on input line 30.
LaTeX Font Info:    ... okay on input line 30.
LaTeX Font Info:    Checking defaults for OMS/cmsy/m/n on input line 30.
LaTeX Font Info:    ... okay on input line 30.
LaTeX Font Info:    Checking defaults for OMX/cmex/m/n on input line 30.
LaTeX Font Info:    ... okay on input line 30.
LaTeX Font Info:    Checking defaults for U/cmr/m/n on input line 30.
LaTeX Font Info:    ... okay on input line 30.
LaTeX Font Info:    Checking defaults for JY1/mc/m/n on input line 30.
LaTeX Font Info:    ... okay on input line 30.
LaTeX Font Info:    Checking defaults for JT1/mc/m/n on input line 30.
LaTeX Font Info:    ... okay on input line 30.
\c@lstlisting=\count103
LaTeX Font Info:    External font `cmex10' loaded for size
(Font)              <12> on input line 31.
LaTeX Font Info:    External font `cmex10' loaded for size
(Font)              <8> on input line 31.
LaTeX Font Info:    External font `cmex10' loaded for size
(Font)              <6> on input line 31.
LaTeX Font Info:    Font shape `JT1/mc/bx/n' in size <14.4> not available
(Font)              Font shape `JT1/gt/m/n' tried instead on input line 32.
LaTeX Font Info:    Font shape `JY1/mc/bx/n' in size <14.4> not available
(Font)              Font shape `JY1/gt/m/n' tried instead on input line 32.
LaTeX Font Info:    External font `cmex10' loaded for size
(Font)              <7> on input line 38.
LaTeX Font Info:    External font `cmex10' loaded for size
(Font)              <5> on input line 38.

Underfull \hbox (badness 10000) in paragraph at lines 40--40
[]\JY1/mc/m/n/10 エラ ーメ ッ
 []


Underfull \hbox (badness 10000) in paragraph at lines 40--40
\JY1/mc/m/n/10 セ\OT1/cmr/m/n/10 -\JY1/mc/m/n/10 ジを表示
 []


Overfull \hbox (3.58072pt too wide) in paragraph at lines 42--42
\OT1/cmr/m/n/10 GAMEOVER
 []

[1

]
Underfull \hbox (badness 2521) in paragraph at lines 58--58
[]\OT1/cmr/m/n/10 newvely.y \JY1/mc/m/n/10 と
 []


Underfull \hbox (badness 10000) in paragraph at lines 58--58
\OT1/cmr/m/n/10 new-point.y
 []


Underfull \hbox (badness 10000) in paragraph at lines 58--58
\JY1/mc/m/n/10 の式を変更
 []


Underfull \hbox (badness 10000) in paragraph at lines 60--60
[]\OT1/cmr/m/n/10 MoveChara
 []


Underfull \hbox (badness 10000) in paragraph at lines 60--60
\JY1/mc/m/n/10 関数のボ ー
 []


Underfull \hbox (badness 10000) in paragraph at lines 60--60
\JY1/mc/m/n/10 ルの処理に
 []


Underfull \hbox (badness 10000) in paragraph at lines 60--60
\JY1/mc/m/n/10 横方向の速
 []


Underfull \hbox (badness 10000) in paragraph at lines 61--61
[]\OT1/cmr/m/n/10 MoveChara
 []


Underfull \hbox (badness 10000) in paragraph at lines 61--61
\JY1/mc/m/n/10 の場合何も
 []


Underfull \hbox (badness 10000) in paragraph at lines 61--61
\JY1/mc/m/n/10 しない記述
 []


Underfull \hbox (badness 2894) in paragraph at lines 62--62
[]\JY1/mc/m/n/10 拠点を \OT1/cmr/m/n/10 3 \JY1/mc/m/n/10 つ
 []


Underfull \hbox (badness 10000) in paragraph at lines 62--62
\JY1/mc/m/n/10 倒した時に
 []


Underfull \hbox (badness 10000) in paragraph at lines 62--62
\OT1/cmr/m/n/10 Warn-ing \JY1/mc/m/n/10 が
 []


Underfull \hbox (badness 10000) in paragraph at lines 62--62
\JY1/mc/m/n/10 でる処理を
 []


Overfull \hbox (44.80533pt too wide) in paragraph at lines 56--66
 [][][][] 
 []

[2] [3] (./report.aux) ) 
Here is how much of TeX's memory you used:
 2092 strings out of 493250
 28570 string characters out of 6144430
 106284 words of memory out of 5000000
 6082 multiletter control sequences out of 15000+600000
 13088 words of font info for 51 fonts, out of 8000000 for 9000
 929 hyphenation exceptions out of 8191
 26i,10n,32p,200b,247s stack positions out of 5000i,500n,10000p,200000b,80000s

Output written on report.dvi (3 pages, 6736 bytes).
