This is e-pTeX, Version 3.14159265-p3.8.0-180121-2.6 (utf8.euc) (TeX Live 2018/dev/Debian) (preloaded format=platex 2018.1.30)  9 APR 2019 13:53
entering extended mode
 restricted \write18 enabled.
 %&-line parsing enabled.
**texsample.
(/usr/share/texlive/texmf-dist/tex/latex/tools/q.tex
pLaTeX2e <2017/10/28>+3 (based on LaTeX2e <2017-04-15>)
Babel <3.16> and hyphenation patterns for 26 language(s) loaded.
File ignored
)
! Emergency stop.
<*> texsample.
              
*** (job aborted, no legal \end found)

 
Here is how much of TeX's memory you used:
 7 strings out of 494714
 164 string characters out of 6175599
 51279 words of memory out of 5000000
 3612 multiletter control sequences out of 15000+600000
 7511 words of font info for 31 fonts, out of 8000000 for 9000
 264 hyphenation exceptions out of 8191
 5i,0n,3p,90b,8s stack positions out of 5000i,500n,10000p,200000b,80000s
No pages of output.
